# JRE version: Java(TM) SE Runtime Environment (17.0.12+8) (build 17.0.12+8-LTS-286)
# Java VM: Java HotSpot(TM) 64-Bit Server VM (17.0.12+8-LTS-286, mixed mode, sharing, tiered, compressed oops, compressed class ptrs, g1 gc, windows-amd64)
GC Precious Log:
 CPUs: 12 total, 12 available
 Memory: 7498M
 Large Page Support: Disabled
 NUMA Support: Disabled
 Compressed Oops: Enabled (32-bit)
 Heap Region Size: 1M
 Heap Min Capacity: 8M
 Heap Initial Capacity: 118M
 Heap Max Capacity: 1876M
 Pre-touch: Disabled
 Parallel Workers: 10
 Concurrent Workers: 3
 Concurrent Refinement Workers: 10
 Periodic GC: Disabled
Heap:
 garbage-first heap   total 120832K, used 34151K [0x000000008ac00000, 0x0000000100000000)
  region size 1024K, 31 young (31744K), 9 survivors (9216K)
 Metaspace       used 15779K, committed 16064K, reserved 1114112K
  class space    used 1859K, committed 1984K, reserved 1048576K
GC Heap History (6 events):
Event: 3.382 GC heap before
{Heap before GC invocations=0 (full 0):
 garbage-first heap   total 120832K, used 23552K [0x000000008ac00000, 0x0000000100000000)
  region size 1024K, 23 young (23552K), 0 survivors (0K)
 Metaspace       used 5424K, committed 5632K, reserved 1114112K
  class space    used 653K, committed 768K, reserved 1048576K
}
Event: 3.394 GC heap after
{Heap after GC invocations=1 (full 0):
 garbage-first heap   total 120832K, used 3800K [0x000000008ac00000, 0x0000000100000000)
  region size 1024K, 3 young (3072K), 3 survivors (3072K)
 Metaspace       used 5424K, committed 5632K, reserved 1114112K
  class space    used 653K, committed 768K, reserved 1048576K
}
Event: 5.534 GC heap before
{Heap before GC invocations=1 (full 0):
 garbage-first heap   total 120832K, used 34520K [0x000000008ac00000, 0x0000000100000000)
  region size 1024K, 33 young (33792K), 3 survivors (3072K)
 Metaspace       used 9135K, committed 9344K, reserved 1114112K
  class space    used 1108K, committed 1216K, reserved 1048576K
}
Event: 5.547 GC heap after
{Heap after GC invocations=2 (full 0):
 garbage-first heap   total 120832K, used 5591K [0x000000008ac00000, 0x0000000100000000)
  region size 1024K, 2 young (2048K), 2 survivors (2048K)
 Metaspace       used 9135K, committed 9344K, reserved 1114112K
  class space    used 1108K, committed 1216K, reserved 1048576K
}
Event: 10.273 GC heap before
{Heap before GC invocations=2 (full 0):
 garbage-first heap   total 120832K, used 75223K [0x000000008ac00000, 0x0000000100000000)
  region size 1024K, 70 young (71680K), 2 survivors (2048K)
 Metaspace       used 15535K, committed 15744K, reserved 1114112K
  class space    used 1855K, committed 1920K, reserved 1048576K
}
Event: 10.305 GC heap after
{Heap after GC invocations=3 (full 0):
 garbage-first heap   total 120832K, used 12647K [0x000000008ac00000, 0x0000000100000000)
  region size 1024K, 9 young (9216K), 9 survivors (9216K)
 Metaspace       used 15535K, committed 15744K, reserved 1114112K
  class space    used 1855K, committed 1920K, reserved 1048576K
}

