# JRE version: Java(TM) SE Runtime Environment (17.0.12+8) (build 17.0.12+8-LTS-286)
# Java VM: Java HotSpot(TM) 64-Bit Server VM (17.0.12+8-LTS-286, mixed mode, sharing, tiered, compressed oops, compressed class ptrs, g1 gc, windows-amd64)
GC Precious Log:
 CPUs: 12 total, 12 available
 Memory: 7498M
 Large Page Support: Disabled
 NUMA Support: Disabled
 Compressed Oops: Enabled (32-bit)
 Heap Region Size: 1M
 Heap Min Capacity: 8M
 Heap Initial Capacity: 118M
 Heap Max Capacity: 1876M
 Pre-touch: Disabled
 Parallel Workers: 10
 Concurrent Workers: 3
 Concurrent Refinement Workers: 10
 Periodic GC: Disabled
Heap:
 garbage-first heap   total 153600K, used 66587K [0x000000008ac00000, 0x0000000100000000)
  region size 1024K, 24 young (24576K), 2 survivors (2048K)
 Metaspace       used 29979K, committed 30272K, reserved 1114112K
  class space    used 3378K, committed 3520K, reserved 1048576K
GC Heap History (20 events):
Event: 6.064 GC heap before
{Heap before GC invocations=2 (full 0):
 garbage-first heap   total 120832K, used 74956K [0x000000008ac00000, 0x0000000100000000)
  region size 1024K, 70 young (71680K), 2 survivors (2048K)
 Metaspace       used 15512K, committed 15680K, reserved 1114112K
  class space    used 1852K, committed 1920K, reserved 1048576K
}
Event: 6.086 GC heap after
{Heap after GC invocations=3 (full 0):
 garbage-first heap   total 120832K, used 12992K [0x000000008ac00000, 0x0000000100000000)
  region size 1024K, 9 young (9216K), 9 survivors (9216K)
 Metaspace       used 15512K, committed 15680K, reserved 1114112K
  class space    used 1852K, committed 1920K, reserved 1048576K
}
Event: 8.290 GC heap before
{Heap before GC invocations=3 (full 0):
 garbage-first heap   total 120832K, used 75456K [0x000000008ac00000, 0x0000000100000000)
  region size 1024K, 70 young (71680K), 9 survivors (9216K)
 Metaspace       used 16101K, committed 16320K, reserved 1114112K
  class space    used 1862K, committed 1920K, reserved 1048576K
}
Event: 8.313 GC heap after
{Heap after GC invocations=4 (full 0):
 garbage-first heap   total 120832K, used 16069K [0x000000008ac00000, 0x0000000100000000)
  region size 1024K, 4 young (4096K), 4 survivors (4096K)
 Metaspace       used 16101K, committed 16320K, reserved 1114112K
  class space    used 1862K, committed 1920K, reserved 1048576K
}
Event: 12.921 GC heap before
{Heap before GC invocations=4 (full 0):
 garbage-first heap   total 120832K, used 105157K [0x000000008ac00000, 0x0000000100000000)
  region size 1024K, 58 young (59392K), 4 survivors (4096K)
 Metaspace       used 20092K, committed 20352K, reserved 1114112K
  class space    used 2310K, committed 2432K, reserved 1048576K
}
Event: 12.938 GC heap after
{Heap after GC invocations=5 (full 0):
 garbage-first heap   total 120832K, used 20457K [0x000000008ac00000, 0x0000000100000000)
  region size 1024K, 6 young (6144K), 6 survivors (6144K)
 Metaspace       used 20092K, committed 20352K, reserved 1114112K
  class space    used 2310K, committed 2432K, reserved 1048576K
}
Event: 13.135 GC heap before
{Heap before GC invocations=5 (full 0):
 garbage-first heap   total 120832K, used 26601K [0x000000008ac00000, 0x0000000100000000)
  region size 1024K, 11 young (11264K), 6 survivors (6144K)
 Metaspace       used 21211K, committed 21504K, reserved 1114112K
  class space    used 2474K, committed 2624K, reserved 1048576K
}
Event: 13.156 GC heap after
{Heap after GC invocations=6 (full 0):
 garbage-first heap   total 120832K, used 24064K [0x000000008ac00000, 0x0000000100000000)
  region size 1024K, 7 young (7168K), 7 survivors (7168K)
 Metaspace       used 21211K, committed 21504K, reserved 1114112K
  class space    used 2474K, committed 2624K, reserved 1048576K
}
Event: 15.122 GC heap before
{Heap before GC invocations=7 (full 0):
 garbage-first heap   total 86016K, used 56832K [0x000000008ac00000, 0x0000000100000000)
  region size 1024K, 40 young (40960K), 7 survivors (7168K)
 Metaspace       used 25903K, committed 26176K, reserved 1114112K
  class space    used 2982K, committed 3136K, reserved 1048576K
}
Event: 15.146 GC heap after
{Heap after GC invocations=8 (full 0):
 garbage-first heap   total 86016K, used 35565K [0x000000008ac00000, 0x0000000100000000)
  region size 1024K, 6 young (6144K), 6 survivors (6144K)
 Metaspace       used 25903K, committed 26176K, reserved 1114112K
  class space    used 2982K, committed 3136K, reserved 1048576K
}
Event: 15.211 GC heap before
{Heap before GC invocations=8 (full 0):
 garbage-first heap   total 86016K, used 36589K [0x000000008ac00000, 0x0000000100000000)
  region size 1024K, 7 young (7168K), 6 survivors (6144K)
 Metaspace       used 25971K, committed 26304K, reserved 1114112K
  class space    used 2990K, committed 3136K, reserved 1048576K
}
Event: 15.236 GC heap after
{Heap after GC invocations=9 (full 0):
 garbage-first heap   total 86016K, used 36864K [0x000000008ac00000, 0x0000000100000000)
  region size 1024K, 1 young (1024K), 1 survivors (1024K)
 Metaspace       used 25971K, committed 26304K, reserved 1114112K
  class space    used 2990K, committed 3136K, reserved 1048576K
}
Event: 15.663 GC heap before
{Heap before GC invocations=9 (full 0):
 garbage-first heap   total 86016K, used 56320K [0x000000008ac00000, 0x0000000100000000)
  region size 1024K, 19 young (19456K), 1 survivors (1024K)
 Metaspace       used 26520K, committed 26816K, reserved 1114112K
  class space    used 3032K, committed 3200K, reserved 1048576K
}
Event: 15.670 GC heap after
{Heap after GC invocations=10 (full 0):
 garbage-first heap   total 86016K, used 40960K [0x000000008ac00000, 0x0000000100000000)
  region size 1024K, 3 young (3072K), 3 survivors (3072K)
 Metaspace       used 26520K, committed 26816K, reserved 1114112K
  class space    used 3032K, committed 3200K, reserved 1048576K
}
Event: 16.602 GC heap before
{Heap before GC invocations=11 (full 0):
 garbage-first heap   total 86016K, used 58368K [0x000000008ac00000, 0x0000000100000000)
  region size 1024K, 20 young (20480K), 3 survivors (3072K)
 Metaspace       used 27525K, committed 27840K, reserved 1114112K
  class space    used 3108K, committed 3264K, reserved 1048576K
}
Event: 16.615 GC heap after
{Heap after GC invocations=12 (full 0):
 garbage-first heap   total 86016K, used 42969K [0x000000008ac00000, 0x0000000100000000)
  region size 1024K, 2 young (2048K), 2 survivors (2048K)
 Metaspace       used 27525K, committed 27840K, reserved 1114112K
  class space    used 3108K, committed 3264K, reserved 1048576K
}
Event: 17.517 GC heap before
{Heap before GC invocations=12 (full 0):
 garbage-first heap   total 86016K, used 59353K [0x000000008ac00000, 0x0000000100000000)
  region size 1024K, 19 young (19456K), 2 survivors (2048K)
 Metaspace       used 28273K, committed 28672K, reserved 1114112K
  class space    used 3211K, committed 3392K, reserved 1048576K
}
Event: 17.522 GC heap after
{Heap after GC invocations=13 (full 0):
 garbage-first heap   total 164864K, used 43673K [0x000000008ac00000, 0x0000000100000000)
  region size 1024K, 1 young (1024K), 1 survivors (1024K)
 Metaspace       used 28273K, committed 28672K, reserved 1114112K
  class space    used 3211K, committed 3392K, reserved 1048576K
}
Event: 19.633 GC heap before
{Heap before GC invocations=14 (full 0):
 garbage-first heap   total 153600K, used 102041K [0x000000008ac00000, 0x0000000100000000)
  region size 1024K, 58 young (59392K), 1 survivors (1024K)
 Metaspace       used 29583K, committed 29888K, reserved 1114112K
  class space    used 3333K, committed 3456K, reserved 1048576K
}
Event: 19.637 GC heap after
{Heap after GC invocations=15 (full 0):
 garbage-first heap   total 153600K, used 45083K [0x000000008ac00000, 0x0000000100000000)
  region size 1024K, 2 young (2048K), 2 survivors (2048K)
 Metaspace       used 29583K, committed 29888K, reserved 1114112K
  class space    used 3333K, committed 3456K, reserved 1048576K
}

